[0.136s] DEBUG:colcon:Command line arguments: ['/usr/bin/colcon', 'build', '--merge-install', '--event-handlers', 'console_direct+']
[0.136s] DEBUG:colcon:Parsed command line arguments: Namespace(log_base=None, log_level=None, verb_name='build', build_base='build', install_base='install', merge_install=True, symlink_install=False, test_result_base=None, continue_on_error=False, executor='parallel', parallel_workers=20, event_handlers=['console_direct+'], ignore_user_meta=False, metas=['./colcon.meta'], base_paths=['.'], packages_ignore=None, packages_ignore_regex=None, paths=None, packages_up_to=None, packages_up_to_regex=None, packages_above=None, packages_above_and_dependencies=None, packages_above_depth=None, packages_select_by_dep=None, packages_skip_by_dep=None, packages_skip_up_to=None, packages_select_build_failed=False, packages_skip_build_finished=False, packages_select_test_failures=False, packages_skip_test_passed=False, packages_select=None, packages_skip=None, packages_select_regex=None, packages_skip_regex=None, packages_start=None, packages_end=None, allow_overriding=[], cmake_args=None, cmake_target=None, cmake_target_skip_unavailable=False, cmake_clean_cache=False, cmake_clean_first=False, cmake_force_configure=False, ament_cmake_args=None, catkin_cmake_args=None, catkin_skip_building_tests=False, mixin_files=None, mixin=None, verb_parser=<colcon_mixin.mixin.mixin_argument.MixinArgumentDecorator object at 0x7100a45c53a0>, verb_extension=<colcon_core.verb.build.BuildVerb object at 0x7100a45c5040>, main=<bound method BuildVerb.main of <colcon_core.verb.build.BuildVerb object at 0x7100a45c5040>>, mixin_verb=('build',))
[0.172s] Level 1:colcon.colcon_core.package_discovery:discover_packages(colcon_meta) check parameters
[0.172s] Level 1:colcon.colcon_core.package_discovery:discover_packages(recursive) check parameters
[0.172s] Level 1:colcon.colcon_core.package_discovery:discover_packages(ignore) check parameters
[0.172s] Level 1:colcon.colcon_core.package_discovery:discover_packages(path) check parameters
[0.172s] Level 1:colcon.colcon_core.package_discovery:discover_packages(colcon_meta) discover
[0.172s] Level 1:colcon.colcon_core.package_discovery:discover_packages(recursive) discover
[0.172s] INFO:colcon.colcon_core.package_discovery:Crawling recursively for packages in '/tmp/rqt_robot_steering'
[0.172s] Level 1:colcon.colcon_core.package_identification:_identify(.) by extensions ['ignore', 'ignore_ament_install']
[0.172s] Level 1:colcon.colcon_core.package_identification:_identify(.) by extension 'ignore'
[0.172s] Level 1:colcon.colcon_core.package_identification:_identify(.) by extension 'ignore_ament_install'
[0.172s] Level 1:colcon.colcon_core.package_identification:_identify(.) by extensions ['colcon_pkg']
[0.172s] Level 1:colcon.colcon_core.package_identification:_identify(.) by extension 'colcon_pkg'
[0.172s] Level 1:colcon.colcon_core.package_identification:_identify(.) by extensions ['colcon_meta']
[0.172s] Level 1:colcon.colcon_core.package_identification:_identify(.) by extension 'colcon_meta'
[0.172s] Level 1:colcon.colcon_core.package_identification:_identify(.) by extensions ['ros']
[0.172s] Level 1:colcon.colcon_core.package_identification:_identify(.) by extension 'ros'
[0.195s] DEBUG:colcon.colcon_core.package_identification:Package '.' with type 'ros.ament_python' and name 'rqt_robot_steering'
[0.195s] Level 1:colcon.colcon_core.package_discovery:discover_packages(recursive) using defaults
[0.196s] Level 1:colcon.colcon_core.package_discovery:discover_packages(ignore) discover
[0.196s] Level 1:colcon.colcon_core.package_discovery:discover_packages(ignore) using defaults
[0.196s] Level 1:colcon.colcon_core.package_discovery:discover_packages(path) discover
[0.196s] Level 1:colcon.colcon_core.package_discovery:discover_packages(path) using defaults
[0.211s] Level 1:colcon.colcon_core.package_discovery:discover_packages(prefix_path) check parameters
[0.211s] Level 1:colcon.colcon_core.package_discovery:discover_packages(prefix_path) discover
[0.214s] DEBUG:colcon.colcon_installed_package_information.package_discovery:Found 384 installed packages in /opt/ros/rolling
[0.215s] Level 1:colcon.colcon_core.package_discovery:discover_packages(prefix_path) using defaults
[0.239s] Level 5:colcon.colcon_core.verb:set package 'rqt_robot_steering' build argument 'cmake_args' from command line to 'None'
[0.239s] Level 5:colcon.colcon_core.verb:set package 'rqt_robot_steering' build argument 'cmake_target' from command line to 'None'
[0.239s] Level 5:colcon.colcon_core.verb:set package 'rqt_robot_steering' build argument 'cmake_target_skip_unavailable' from command line to 'False'
[0.239s] Level 5:colcon.colcon_core.verb:set package 'rqt_robot_steering' build argument 'cmake_clean_cache' from command line to 'False'
[0.239s] Level 5:colcon.colcon_core.verb:set package 'rqt_robot_steering' build argument 'cmake_clean_first' from command line to 'False'
[0.239s] Level 5:colcon.colcon_core.verb:set package 'rqt_robot_steering' build argument 'cmake_force_configure' from command line to 'False'
[0.239s] Level 5:colcon.colcon_core.verb:set package 'rqt_robot_steering' build argument 'ament_cmake_args' from command line to 'None'
[0.239s] Level 5:colcon.colcon_core.verb:set package 'rqt_robot_steering' build argument 'catkin_cmake_args' from command line to 'None'
[0.239s] Level 5:colcon.colcon_core.verb:set package 'rqt_robot_steering' build argument 'catkin_skip_building_tests' from command line to 'False'
[0.239s] DEBUG:colcon.colcon_core.verb:Building package 'rqt_robot_steering' with the following arguments: {'ament_cmake_args': None, 'build_base': '/tmp/rqt_robot_steering/build/rqt_robot_steering', 'catkin_cmake_args': None, 'catkin_skip_building_tests': False, 'cmake_args': None, 'cmake_clean_cache': False, 'cmake_clean_first': False, 'cmake_force_configure': False, 'cmake_target': None, 'cmake_target_skip_unavailable': False, 'install_base': '/tmp/rqt_robot_steering/install', 'merge_install': True, 'path': '/tmp/rqt_robot_steering', 'symlink_install': False, 'test_result_base': None}
[0.239s] INFO:colcon.colcon_core.executor:Executing jobs using 'parallel' executor
[0.240s] DEBUG:colcon.colcon_parallel_executor.executor.parallel:run_until_complete
[0.240s] INFO:colcon.colcon_ros.task.ament_python.build:Building ROS package in '/tmp/rqt_robot_steering' with build type 'ament_python'
[0.240s] Level 1:colcon.colcon_core.shell:create_environment_hook('rqt_robot_steering', 'ament_prefix_path')
[0.242s] INFO:colcon.colcon_core.plugin_system:Skipping extension 'colcon_core.shell.bat': Not used on non-Windows systems
[0.243s] INFO:colcon.colcon_core.shell:Creating environment hook '/tmp/rqt_robot_steering/install/share/rqt_robot_steering/hook/ament_prefix_path.ps1'
[0.243s] INFO:colcon.colcon_core.shell:Creating environment descriptor '/tmp/rqt_robot_steering/install/share/rqt_robot_steering/hook/ament_prefix_path.dsv'
[0.243s] INFO:colcon.colcon_core.shell:Creating environment hook '/tmp/rqt_robot_steering/install/share/rqt_robot_steering/hook/ament_prefix_path.sh'
[0.244s] INFO:colcon.colcon_core.shell:Skip shell extension 'powershell' for command environment: Not usable outside of PowerShell
[0.244s] DEBUG:colcon.colcon_core.shell:Skip shell extension 'dsv' for command environment
[0.392s] INFO:colcon.colcon_core.task.python.build:Building Python package in '/tmp/rqt_robot_steering'
[0.392s] INFO:colcon.colcon_core.shell:Skip shell extension 'powershell' for command environment: Not usable outside of PowerShell
[0.392s] DEBUG:colcon.colcon_core.shell:Skip shell extension 'dsv' for command environment
[0.838s] DEBUG:colcon.colcon_core.event_handler.log_command:Invoking command in '/tmp/rqt_robot_steering': DEBUGINFOD_URLS=https://debuginfod.ubuntu.com PS1=\u@\h \[\e[32m\]\w \[\e[91m\]$(parse_git_branch)\[\e[00m\]$ PYTHONPATH=/tmp/rqt_robot_steering/build/rqt_robot_steering/prefix_override:/usr/lib/python3/dist-packages/colcon_core/task/python/colcon_distutils_commands:/tmp/rqt_robot_steering/install/lib/python3.12/site-packages:${PYTHONPATH} /usr/bin/python3 -W ignore:setup.py install is deprecated -W ignore:easy_install command is deprecated setup.py egg_info --egg-base build/rqt_robot_steering build --build-base /tmp/rqt_robot_steering/build/rqt_robot_steering/build install --record /tmp/rqt_robot_steering/build/rqt_robot_steering/install.log --single-version-externally-managed install_data
[1.172s] DEBUG:colcon.colcon_core.event_handler.log_command:Invoked command in '/tmp/rqt_robot_steering' returned '0': DEBUGINFOD_URLS=https://debuginfod.ubuntu.com PS1=\u@\h \[\e[32m\]\w \[\e[91m\]$(parse_git_branch)\[\e[00m\]$ PYTHONPATH=/tmp/rqt_robot_steering/build/rqt_robot_steering/prefix_override:/usr/lib/python3/dist-packages/colcon_core/task/python/colcon_distutils_commands:/tmp/rqt_robot_steering/install/lib/python3.12/site-packages:${PYTHONPATH} /usr/bin/python3 -W ignore:setup.py install is deprecated -W ignore:easy_install command is deprecated setup.py egg_info --egg-base build/rqt_robot_steering build --build-base /tmp/rqt_robot_steering/build/rqt_robot_steering/build install --record /tmp/rqt_robot_steering/build/rqt_robot_steering/install.log --single-version-externally-managed install_data
[1.176s] Level 1:colcon.colcon_core.environment:checking '/tmp/rqt_robot_steering/install' for CMake module files
[1.176s] Level 1:colcon.colcon_core.environment:checking '/tmp/rqt_robot_steering/install' for CMake config files
[1.177s] Level 1:colcon.colcon_core.environment:checking '/tmp/rqt_robot_steering/install/lib'
[1.177s] Level 1:colcon.colcon_core.environment:checking '/tmp/rqt_robot_steering/install/bin'
[1.177s] Level 1:colcon.colcon_core.environment:checking '/tmp/rqt_robot_steering/install/lib/pkgconfig/rqt_robot_steering.pc'
[1.177s] Level 1:colcon.colcon_core.environment:checking '/tmp/rqt_robot_steering/install/lib/python3.12/site-packages'
[1.177s] Level 1:colcon.colcon_core.shell:create_environment_hook('rqt_robot_steering', 'pythonpath')
[1.177s] INFO:colcon.colcon_core.shell:Creating environment hook '/tmp/rqt_robot_steering/install/share/rqt_robot_steering/hook/pythonpath.ps1'
[1.177s] INFO:colcon.colcon_core.shell:Creating environment descriptor '/tmp/rqt_robot_steering/install/share/rqt_robot_steering/hook/pythonpath.dsv'
[1.178s] INFO:colcon.colcon_core.shell:Creating environment hook '/tmp/rqt_robot_steering/install/share/rqt_robot_steering/hook/pythonpath.sh'
[1.178s] Level 1:colcon.colcon_core.environment:checking '/tmp/rqt_robot_steering/install/bin'
[1.178s] Level 1:colcon.colcon_core.environment:create_environment_scripts_only(rqt_robot_steering)
[1.178s] INFO:colcon.colcon_core.shell:Creating package script '/tmp/rqt_robot_steering/install/share/rqt_robot_steering/package.ps1'
[1.179s] INFO:colcon.colcon_core.shell:Creating package descriptor '/tmp/rqt_robot_steering/install/share/rqt_robot_steering/package.dsv'
[1.179s] INFO:colcon.colcon_core.shell:Creating package script '/tmp/rqt_robot_steering/install/share/rqt_robot_steering/package.sh'
[1.179s] INFO:colcon.colcon_core.shell:Creating package script '/tmp/rqt_robot_steering/install/share/rqt_robot_steering/package.bash'
[1.180s] INFO:colcon.colcon_core.shell:Creating package script '/tmp/rqt_robot_steering/install/share/rqt_robot_steering/package.zsh'
[1.181s] Level 1:colcon.colcon_core.environment:create_file_with_runtime_dependencies(/tmp/rqt_robot_steering/install/share/colcon-core/packages/rqt_robot_steering)
[1.181s] DEBUG:colcon.colcon_parallel_executor.executor.parallel:closing loop
[1.181s] DEBUG:colcon.colcon_parallel_executor.executor.parallel:loop closed
[1.181s] DEBUG:colcon.colcon_parallel_executor.executor.parallel:run_until_complete finished with '0'
[1.181s] DEBUG:colcon.colcon_core.event_reactor:joining thread
[1.185s] INFO:colcon.colcon_core.plugin_system:Skipping extension 'colcon_notification.desktop_notification.terminal_notifier': Not used on non-Darwin systems
[1.185s] INFO:colcon.colcon_core.plugin_system:Skipping extension 'colcon_notification.desktop_notification.win32': Not used on non-Windows systems
[1.185s] INFO:colcon.colcon_notification.desktop_notification:Sending desktop notification using 'notify2'
[1.188s] DEBUG:colcon.colcon_core.event_reactor:joined thread
[1.188s] INFO:colcon.colcon_core.shell:Creating prefix script '/tmp/rqt_robot_steering/install/local_setup.ps1'
[1.189s] INFO:colcon.colcon_core.shell:Creating prefix util module '/tmp/rqt_robot_steering/install/_local_setup_util_ps1.py'
[1.189s] INFO:colcon.colcon_core.shell:Creating prefix chain script '/tmp/rqt_robot_steering/install/setup.ps1'
[1.190s] INFO:colcon.colcon_core.shell:Creating prefix script '/tmp/rqt_robot_steering/install/local_setup.sh'
[1.190s] INFO:colcon.colcon_core.shell:Creating prefix util module '/tmp/rqt_robot_steering/install/_local_setup_util_sh.py'
[1.191s] INFO:colcon.colcon_core.shell:Creating prefix chain script '/tmp/rqt_robot_steering/install/setup.sh'
[1.191s] INFO:colcon.colcon_core.shell:Creating prefix script '/tmp/rqt_robot_steering/install/local_setup.bash'
[1.192s] INFO:colcon.colcon_core.shell:Creating prefix chain script '/tmp/rqt_robot_steering/install/setup.bash'
[1.192s] INFO:colcon.colcon_core.shell:Creating prefix script '/tmp/rqt_robot_steering/install/local_setup.zsh'
[1.193s] INFO:colcon.colcon_core.shell:Creating prefix chain script '/tmp/rqt_robot_steering/install/setup.zsh'
